<?xml version="1.0" encoding="UTF-8"?>
<!-- Generated by org.testng.reporters.JUnitReportReporter -->
<testsuite hostname="DESKTOP-90VMOB5" failures="0" tests="1" name="testscripts.ManageOfferCodeTest" time="13.136" errors="0" timestamp="2024-02-17T19:30:49 IST" skipped="0">
  <testcase classname="testscripts.ManageOfferCodeTest" name="verifyWhetherTheUserIsAbleToAddANewOfferCodeInTheManageOfferCodePage" time="13.136"/>
</testsuite> <!-- testscripts.ManageOfferCodeTest -->
