<?xml version="1.0" encoding="UTF-8"?>
<!-- Generated by org.testng.reporters.JUnitReportReporter -->
<testsuite hostname="DESKTOP-90VMOB5" failures="0" tests="1" name="testscripts.ManageExpenseTest" time="14.860" errors="0" timestamp="2024-02-14T22:28:13 IST" skipped="0">
  <testcase classname="testscripts.ManageExpenseTest" name="verifyThatTheUserCanAddANewExpenseInTheManageExpensePage" time="14.860"/>
</testsuite> <!-- testscripts.ManageExpenseTest -->
