<?xml version="1.0" encoding="UTF-8"?>
<!-- Generated by org.testng.reporters.JUnitReportReporter -->
<testsuite hostname="DESKTOP-90VMOB5" failures="0" tests="1" name="testscripts.MobileSliderTest" time="12.252" errors="0" timestamp="2024-02-14T22:42:02 IST" skipped="0">
  <testcase classname="testscripts.MobileSliderTest" name="verifyThatTheUserCanAddANewSliderInTheMobileSliderPage" time="12.252"/>
</testsuite> <!-- testscripts.MobileSliderTest -->
